{"name":"Test03: Add and Verify User","status":"failed","statusDetails":{"known":false,"muted":false,"flaky":false,"message":"expected [linda1467] but found [linda14673]","trace":"java.lang.AssertionError: expected [linda1467] but found [linda14673]\r\n\tat org.testng.Assert.fail(Assert.java:96)\r\n\tat org.testng.Assert.failNotEquals(Assert.java:776)\r\n\tat org.testng.Assert.assertEqualsImpl(Assert.java:137)\r\n\tat org.testng.Assert.assertEquals(Assert.java:118)\r\n\tat org.testng.Assert.assertEquals(Assert.java:453)\r\n\tat org.testng.Assert.assertEquals(Assert.java:463)\r\n\tat Extention.Verifications.TextInElement(Verifications.java:26)\r\n\tat SanityTest.OrangeHRM.test03_AddUser(OrangeHRM.java:43)\r\n\tat sun.reflect.NativeMethodAccessorImpl.invoke0(Native Method)\r\n\tat sun.reflect.NativeMethodAccessorImpl.invoke(NativeMethodAccessorImpl.java:62)\r\n\tat sun.reflect.DelegatingMethodAccessorImpl.invoke(DelegatingMethodAccessorImpl.java:43)\r\n\tat java.lang.reflect.Method.invoke(Method.java:498)\r\n\tat org.testng.internal.MethodInvocationHelper.invokeMethod(MethodInvocationHelper.java:124)\r\n\tat org.testng.internal.Invoker.invokeMethod(Invoker.java:583)\r\n\tat org.testng.internal.Invoker.invokeTestMethod(Invoker.java:719)\r\n\tat org.testng.internal.Invoker.invokeTestMethods(Invoker.java:989)\r\n\tat org.testng.internal.TestMethodWorker.invokeTestMethods(TestMethodWorker.java:125)\r\n\tat org.testng.internal.TestMethodWorker.run(TestMethodWorker.java:109)\r\n\tat org.testng.TestRunner.privateRun(TestRunner.java:648)\r\n\tat org.testng.TestRunner.run(TestRunner.java:505)\r\n\tat org.testng.SuiteRunner.runTest(SuiteRunner.java:455)\r\n\tat org.testng.SuiteRunner.runSequentially(SuiteRunner.java:450)\r\n\tat org.testng.SuiteRunner.privateRun(SuiteRunner.java:415)\r\n\tat org.testng.SuiteRunner.run(SuiteRunner.java:364)\r\n\tat org.testng.SuiteRunnerWorker.runSuite(SuiteRunnerWorker.java:52)\r\n\tat org.testng.SuiteRunnerWorker.run(SuiteRunnerWorker.java:84)\r\n\tat org.testng.TestNG.runSuitesSequentially(TestNG.java:1208)\r\n\tat org.testng.TestNG.runSuitesLocally(TestNG.java:1137)\r\n\tat org.testng.TestNG.runSuites(TestNG.java:1049)\r\n\tat org.testng.TestNG.run(TestNG.java:1017)\r\n\tat com.intellij.rt.testng.IDEARemoteTestNG.run(IDEARemoteTestNG.java:66)\r\n\tat com.intellij.rt.testng.RemoteTestNGStarter.main(RemoteTestNGStarter.java:110)\r\n"},"stage":"finished","description":"Test Description: Add New User to Table And verify that he exist","steps":[{"name":"Click on Element","status":"passed","stage":"finished","steps":[],"attachments":[],"parameters":[{"name":"elem","value":"[[ChromeDriver: chrome on WINDOWS (df330334568c64f9ef65855fce77d9b1)] -> xpath: //*[@id='menu_admin_viewAdminModule']]"}],"start":1579811195907,"stop":1579811197299},{"name":"Mouse Over To Element","status":"passed","stage":"finished","steps":[],"attachments":[],"parameters":[{"name":"elem1","value":"[[ChromeDriver: chrome on WINDOWS (df330334568c64f9ef65855fce77d9b1)] -> xpath: //*[@id='menu_admin_UserManagement']]"},{"name":"elem2","value":"[[ChromeDriver: chrome on WINDOWS (df330334568c64f9ef65855fce77d9b1)] -> xpath: //*[@id='menu_admin_viewSystemUsers']]"}],"start":1579811197328,"stop":1579811198042},{"name":"Click on Element","status":"passed","stage":"finished","steps":[],"attachments":[],"parameters":[{"name":"elem","value":"[[ChromeDriver: chrome on WINDOWS (df330334568c64f9ef65855fce77d9b1)] -> xpath: //*[@id='btnAdd']]"}],"start":1579811198060,"stop":1579811199151},{"name":"Create New User","status":"passed","stage":"finished","steps":[{"name":"Update Drop Down Filed","status":"passed","stage":"finished","steps":[],"attachments":[],"parameters":[{"name":"elem","value":"[[ChromeDriver: chrome on WINDOWS (df330334568c64f9ef65855fce77d9b1)] -> xpath: //*[@id='systemUser_userType']]"},{"name":"value","value":"ESS"}],"start":1579811199168,"stop":1579811199322},{"name":"Send Text to Text-Field","status":"passed","stage":"finished","steps":[],"attachments":[],"parameters":[{"name":"elem","value":"[[ChromeDriver: chrome on WINDOWS (df330334568c64f9ef65855fce77d9b1)] -> xpath: //*[@id='systemUser_employeeName_empName']]"},{"name":"value","value":"Linda Anderson"}],"start":1579811199348,"stop":1579811199689},{"name":"Send Text to Text-Field","status":"passed","stage":"finished","steps":[],"attachments":[],"parameters":[{"name":"elem","value":"[[ChromeDriver: chrome on WINDOWS (df330334568c64f9ef65855fce77d9b1)] -> css selector: input[id='systemUser_userName']]"},{"name":"value","value":"linda1467"}],"start":1579811199721,"stop":1579811199938},{"name":"Update Drop Down Filed","status":"passed","stage":"finished","steps":[],"attachments":[],"parameters":[{"name":"elem","value":"[[ChromeDriver: chrome on WINDOWS (df330334568c64f9ef65855fce77d9b1)] -> xpath: //*[@id='systemUser_status']]"},{"name":"value","value":"Disabled"}],"start":1579811199968,"stop":1579811200156},{"name":"Send Text to Text-Field","status":"passed","stage":"finished","steps":[],"attachments":[],"parameters":[{"name":"elem","value":"[[ChromeDriver: chrome on WINDOWS (df330334568c64f9ef65855fce77d9b1)] -> xpath: //*[@id='systemUser_password']]"},{"name":"value","value":"Admin12345"}],"start":1579811200192,"stop":1579811200440},{"name":"Send Text to Text-Field","status":"passed","stage":"finished","steps":[],"attachments":[],"parameters":[{"name":"elem","value":"[[ChromeDriver: chrome on WINDOWS (df330334568c64f9ef65855fce77d9b1)] -> xpath: //*[@id='systemUser_confirmPassword']]"},{"name":"value","value":"Admin12345"}],"start":1579811200468,"stop":1579811200694},{"name":"Click on Element","status":"passed","stage":"finished","steps":[],"attachments":[],"parameters":[{"name":"elem","value":"[[ChromeDriver: chrome on WINDOWS (df330334568c64f9ef65855fce77d9b1)] -> xpath: //*[@id='btnSave']]"}],"start":1579811201722,"stop":1579811201918},{"name":"Send Text to Text-Field","status":"passed","stage":"finished","steps":[],"attachments":[],"parameters":[{"name":"elem","value":"Proxy element for: DefaultElementLocator 'By.xpath: //*[@id='searchSystemUser_userName']'"},{"name":"value","value":"linda1467"}],"start":1579811206985,"stop":1579811210454},{"name":"Click on Element","status":"passed","stage":"finished","steps":[],"attachments":[],"parameters":[{"name":"elem","value":"[[ChromeDriver: chrome on WINDOWS (df330334568c64f9ef65855fce77d9b1)] -> xpath: //*[@id='searchBtn']]"}],"start":1579811210482,"stop":1579811211191}],"attachments":[],"parameters":[{"name":"RoleValue","value":"ESS"},{"name":"EmployeeName","value":"Linda Anderson"},{"name":"UserName","value":"linda1467"},{"name":"UserStat","value":"Disabled"},{"name":"Password","value":"Admin12345"},{"name":"ConfirmPass","value":"Admin12345"}],"start":1579811199151,"stop":1579811211191},{"name":"Verify Text in element","status":"failed","statusDetails":{"known":false,"muted":false,"flaky":false,"message":"expected [linda1467] but found [linda14673]","trace":"java.lang.AssertionError: expected [linda1467] but found [linda14673]\r\n\tat org.testng.Assert.fail(Assert.java:96)\r\n\tat org.testng.Assert.failNotEquals(Assert.java:776)\r\n\tat org.testng.Assert.assertEqualsImpl(Assert.java:137)\r\n\tat org.testng.Assert.assertEquals(Assert.java:118)\r\n\tat org.testng.Assert.assertEquals(Assert.java:453)\r\n\tat org.testng.Assert.assertEquals(Assert.java:463)\r\n\tat Extention.Verifications.TextInElement(Verifications.java:26)\r\n\tat SanityTest.OrangeHRM.test03_AddUser(OrangeHRM.java:43)\r\n\tat sun.reflect.NativeMethodAccessorImpl.invoke0(Native Method)\r\n\tat sun.reflect.NativeMethodAccessorImpl.invoke(NativeMethodAccessorImpl.java:62)\r\n\tat sun.reflect.DelegatingMethodAccessorImpl.invoke(DelegatingMethodAccessorImpl.java:43)\r\n\tat java.lang.reflect.Method.invoke(Method.java:498)\r\n\tat org.testng.internal.MethodInvocationHelper.invokeMethod(MethodInvocationHelper.java:124)\r\n\tat org.testng.internal.Invoker.invokeMethod(Invoker.java:583)\r\n\tat org.testng.internal.Invoker.invokeTestMethod(Invoker.java:719)\r\n\tat org.testng.internal.Invoker.invokeTestMethods(Invoker.java:989)\r\n\tat org.testng.internal.TestMethodWorker.invokeTestMethods(TestMethodWorker.java:125)\r\n\tat org.testng.internal.TestMethodWorker.run(TestMethodWorker.java:109)\r\n\tat org.testng.TestRunner.privateRun(TestRunner.java:648)\r\n\tat org.testng.TestRunner.run(TestRunner.java:505)\r\n\tat org.testng.SuiteRunner.runTest(SuiteRunner.java:455)\r\n\tat org.testng.SuiteRunner.runSequentially(SuiteRunner.java:450)\r\n\tat org.testng.SuiteRunner.privateRun(SuiteRunner.java:415)\r\n\tat org.testng.SuiteRunner.run(SuiteRunner.java:364)\r\n\tat org.testng.SuiteRunnerWorker.runSuite(SuiteRunnerWorker.java:52)\r\n\tat org.testng.SuiteRunnerWorker.run(SuiteRunnerWorker.java:84)\r\n\tat org.testng.TestNG.runSuitesSequentially(TestNG.java:1208)\r\n\tat org.testng.TestNG.runSuitesLocally(TestNG.java:1137)\r\n\tat org.testng.TestNG.runSuites(TestNG.java:1049)\r\n\tat org.testng.TestNG.run(TestNG.java:1017)\r\n\tat com.intellij.rt.testng.IDEARemoteTestNG.run(IDEARemoteTestNG.java:66)\r\n\tat com.intellij.rt.testng.RemoteTestNGStarter.main(RemoteTestNGStarter.java:110)\r\n"},"stage":"finished","steps":[],"attachments":[],"parameters":[{"name":"elem","value":"[[ChromeDriver: chrome on WINDOWS (df330334568c64f9ef65855fce77d9b1)] -> xpath: //*[@id='resultTable']/tbody/tr/td[2]/a]"},{"name":"ExpectedValue","value":"linda1467"}],"start":1579811215652,"stop":1579811215745}],"attachments":[{"name":"Page Screen-Shot","source":"f3bb62f0-0dd7-455c-8d67-53dd6916050b-attachment","type":"image/png"}],"parameters":[],"start":1579811195884,"stop":1579811216256,"uuid":"2e23f9c0-01bf-4c3f-b208-b25ad8157b57","historyId":"bcd6d35d72d149053af7615ccc2e39c8","fullName":"SanityTest.OrangeHRM.test03_AddUser","labels":[{"name":"package","value":"SanityTest.OrangeHRM"},{"name":"testClass","value":"SanityTest.OrangeHRM"},{"name":"testMethod","value":"test03_AddUser"},{"name":"parentSuite","value":"Default Suite"},{"name":"suite","value":"AutomationProjectFullStack"},{"name":"subSuite","value":"SanityTest.OrangeHRM"},{"name":"host","value":"PC0K86VV-PC"},{"name":"thread","value":"26276@PC0K86VV-PC.main(1)"},{"name":"framework","value":"testng"},{"name":"language","value":"java"}],"links":[]}