{"name":"Test03: Add and Verify User","status":"failed","statusDetails":{"known":false,"muted":false,"flaky":false,"message":"expected [2] but found [11]","trace":"java.lang.AssertionError: expected [2] but found [11]\r\n\tat org.testng.Assert.fail(Assert.java:96)\r\n\tat org.testng.Assert.failNotEquals(Assert.java:776)\r\n\tat org.testng.Assert.assertEqualsImpl(Assert.java:137)\r\n\tat org.testng.Assert.assertEquals(Assert.java:118)\r\n\tat org.testng.Assert.assertEquals(Assert.java:652)\r\n\tat org.testng.Assert.assertEquals(Assert.java:662)\r\n\tat Extention.Verifications.NumberOfElement(Verifications.java:25)\r\n\tat SanityTest.OrangeHRM.test03_AddUser(OrangeHRM.java:38)\r\n\tat sun.reflect.NativeMethodAccessorImpl.invoke0(Native Method)\r\n\tat sun.reflect.NativeMethodAccessorImpl.invoke(NativeMethodAccessorImpl.java:62)\r\n\tat sun.reflect.DelegatingMethodAccessorImpl.invoke(DelegatingMethodAccessorImpl.java:43)\r\n\tat java.lang.reflect.Method.invoke(Method.java:498)\r\n\tat org.testng.internal.MethodInvocationHelper.invokeMethod(MethodInvocationHelper.java:124)\r\n\tat org.testng.internal.Invoker.invokeMethod(Invoker.java:583)\r\n\tat org.testng.internal.Invoker.invokeTestMethod(Invoker.java:719)\r\n\tat org.testng.internal.Invoker.invokeTestMethods(Invoker.java:989)\r\n\tat org.testng.internal.TestMethodWorker.invokeTestMethods(TestMethodWorker.java:125)\r\n\tat org.testng.internal.TestMethodWorker.run(TestMethodWorker.java:109)\r\n\tat org.testng.TestRunner.privateRun(TestRunner.java:648)\r\n\tat org.testng.TestRunner.run(TestRunner.java:505)\r\n\tat org.testng.SuiteRunner.runTest(SuiteRunner.java:455)\r\n\tat org.testng.SuiteRunner.runSequentially(SuiteRunner.java:450)\r\n\tat org.testng.SuiteRunner.privateRun(SuiteRunner.java:415)\r\n\tat org.testng.SuiteRunner.run(SuiteRunner.java:364)\r\n\tat org.testng.SuiteRunnerWorker.runSuite(SuiteRunnerWorker.java:52)\r\n\tat org.testng.SuiteRunnerWorker.run(SuiteRunnerWorker.java:84)\r\n\tat org.testng.TestNG.runSuitesSequentially(TestNG.java:1208)\r\n\tat org.testng.TestNG.runSuitesLocally(TestNG.java:1137)\r\n\tat org.testng.TestNG.runSuites(TestNG.java:1049)\r\n\tat org.testng.TestNG.run(TestNG.java:1017)\r\n\tat com.intellij.rt.testng.IDEARemoteTestNG.run(IDEARemoteTestNG.java:66)\r\n\tat com.intellij.rt.testng.RemoteTestNGStarter.main(RemoteTestNGStarter.java:110)\r\n"},"stage":"finished","description":"Test Description: Add New User to Table And verify that he exist","steps":[{"name":"Click on Element","status":"passed","stage":"finished","steps":[],"attachments":[],"parameters":[{"name":"elem","value":"[[ChromeDriver: chrome on WINDOWS (f68643ac6488005cd5a8e56cc9ee4c90)] -> xpath: //*[@id='menu_admin_viewAdminModule']]"}],"start":1579356682060,"stop":1579356683829},{"name":"Mouse Over To Element","status":"passed","stage":"finished","steps":[],"attachments":[],"parameters":[{"name":"elem1","value":"[[ChromeDriver: chrome on WINDOWS (f68643ac6488005cd5a8e56cc9ee4c90)] -> xpath: //*[@id='menu_admin_UserManagement']]"},{"name":"elem2","value":"[[ChromeDriver: chrome on WINDOWS (f68643ac6488005cd5a8e56cc9ee4c90)] -> xpath: //*[@id='menu_admin_viewSystemUsers']]"}],"start":1579356683867,"stop":1579356684641},{"name":"Click on Element","status":"passed","stage":"finished","steps":[],"attachments":[],"parameters":[{"name":"elem","value":"[[ChromeDriver: chrome on WINDOWS (f68643ac6488005cd5a8e56cc9ee4c90)] -> xpath: //*[@id='btnAdd']]"}],"start":1579356684686,"stop":1579356685724},{"name":"Create New User","status":"passed","stage":"finished","steps":[{"name":"Update Drop Down Filed","status":"passed","stage":"finished","steps":[],"attachments":[],"parameters":[{"name":"elem","value":"[[ChromeDriver: chrome on WINDOWS (f68643ac6488005cd5a8e56cc9ee4c90)] -> xpath: //*[@id='systemUser_userType']]"},{"name":"value","value":"ESS"}],"start":1579356685770,"stop":1579356685981},{"name":"Send Text to Text-Field","status":"passed","stage":"finished","steps":[],"attachments":[],"parameters":[{"name":"elem","value":"[[ChromeDriver: chrome on WINDOWS (f68643ac6488005cd5a8e56cc9ee4c90)] -> xpath: //*[@id='systemUser_employeeName_empName']]"},{"name":"value","value":"Linda Anderson"}],"start":1579356686013,"stop":1579356686323},{"name":"Send Text to Text-Field","status":"passed","stage":"finished","steps":[],"attachments":[],"parameters":[{"name":"elem","value":"[[ChromeDriver: chrome on WINDOWS (f68643ac6488005cd5a8e56cc9ee4c90)] -> css selector: input[id='systemUser_userName']]"},{"name":"value","value":"lindaranr"}],"start":1579356686349,"stop":1579356686504},{"name":"Update Drop Down Filed","status":"passed","stage":"finished","steps":[],"attachments":[],"parameters":[{"name":"elem","value":"[[ChromeDriver: chrome on WINDOWS (f68643ac6488005cd5a8e56cc9ee4c90)] -> xpath: //*[@id='systemUser_status']]"},{"name":"value","value":"Disabled"}],"start":1579356686534,"stop":1579356686742},{"name":"Send Text to Text-Field","status":"passed","stage":"finished","steps":[],"attachments":[],"parameters":[{"name":"elem","value":"[[ChromeDriver: chrome on WINDOWS (f68643ac6488005cd5a8e56cc9ee4c90)] -> xpath: //*[@id='systemUser_password']]"},{"name":"value","value":"Admin12345"}],"start":1579356686765,"stop":1579356686955},{"name":"Send Text to Text-Field","status":"passed","stage":"finished","steps":[],"attachments":[],"parameters":[{"name":"elem","value":"[[ChromeDriver: chrome on WINDOWS (f68643ac6488005cd5a8e56cc9ee4c90)] -> xpath: //*[@id='systemUser_confirmPassword']]"},{"name":"value","value":"Admin12345"}],"start":1579356686978,"stop":1579356687182},{"name":"Click on Element","status":"passed","stage":"finished","steps":[],"attachments":[],"parameters":[{"name":"elem","value":"[[ChromeDriver: chrome on WINDOWS (f68643ac6488005cd5a8e56cc9ee4c90)] -> xpath: //*[@id='btnSave']]"}],"start":1579356688224,"stop":1579356688426}],"attachments":[],"parameters":[{"name":"RoleValue","value":"ESS"},{"name":"EmployeeName","value":"Linda Anderson"},{"name":"UserName","value":"lindaranr"},{"name":"UserStat","value":"Disabled"},{"name":"Password","value":"Admin12345"},{"name":"ConfirmPass","value":"Admin12345"}],"start":1579356685725,"stop":1579356688426},{"name":"Verify Number of Elements equals to","status":"failed","statusDetails":{"known":false,"muted":false,"flaky":false,"message":"expected [2] but found [11]","trace":"java.lang.AssertionError: expected [2] but found [11]\r\n\tat org.testng.Assert.fail(Assert.java:96)\r\n\tat org.testng.Assert.failNotEquals(Assert.java:776)\r\n\tat org.testng.Assert.assertEqualsImpl(Assert.java:137)\r\n\tat org.testng.Assert.assertEquals(Assert.java:118)\r\n\tat org.testng.Assert.assertEquals(Assert.java:652)\r\n\tat org.testng.Assert.assertEquals(Assert.java:662)\r\n\tat Extention.Verifications.NumberOfElement(Verifications.java:25)\r\n\tat SanityTest.OrangeHRM.test03_AddUser(OrangeHRM.java:38)\r\n\tat sun.reflect.NativeMethodAccessorImpl.invoke0(Native Method)\r\n\tat sun.reflect.NativeMethodAccessorImpl.invoke(NativeMethodAccessorImpl.java:62)\r\n\tat sun.reflect.DelegatingMethodAccessorImpl.invoke(DelegatingMethodAccessorImpl.java:43)\r\n\tat java.lang.reflect.Method.invoke(Method.java:498)\r\n\tat org.testng.internal.MethodInvocationHelper.invokeMethod(MethodInvocationHelper.java:124)\r\n\tat org.testng.internal.Invoker.invokeMethod(Invoker.java:583)\r\n\tat org.testng.internal.Invoker.invokeTestMethod(Invoker.java:719)\r\n\tat org.testng.internal.Invoker.invokeTestMethods(Invoker.java:989)\r\n\tat org.testng.internal.TestMethodWorker.invokeTestMethods(TestMethodWorker.java:125)\r\n\tat org.testng.internal.TestMethodWorker.run(TestMethodWorker.java:109)\r\n\tat org.testng.TestRunner.privateRun(TestRunner.java:648)\r\n\tat org.testng.TestRunner.run(TestRunner.java:505)\r\n\tat org.testng.SuiteRunner.runTest(SuiteRunner.java:455)\r\n\tat org.testng.SuiteRunner.runSequentially(SuiteRunner.java:450)\r\n\tat org.testng.SuiteRunner.privateRun(SuiteRunner.java:415)\r\n\tat org.testng.SuiteRunner.run(SuiteRunner.java:364)\r\n\tat org.testng.SuiteRunnerWorker.runSuite(SuiteRunnerWorker.java:52)\r\n\tat org.testng.SuiteRunnerWorker.run(SuiteRunnerWorker.java:84)\r\n\tat org.testng.TestNG.runSuitesSequentially(TestNG.java:1208)\r\n\tat org.testng.TestNG.runSuitesLocally(TestNG.java:1137)\r\n\tat org.testng.TestNG.runSuites(TestNG.java:1049)\r\n\tat org.testng.TestNG.run(TestNG.java:1017)\r\n\tat com.intellij.rt.testng.IDEARemoteTestNG.run(IDEARemoteTestNG.java:66)\r\n\tat com.intellij.rt.testng.RemoteTestNGStarter.main(RemoteTestNGStarter.java:110)\r\n"},"stage":"finished","steps":[],"attachments":[],"parameters":[{"name":"elems","value":"[[[ChromeDriver: chrome on WINDOWS (f68643ac6488005cd5a8e56cc9ee4c90)] -> xpath: //*[@id='resultTable']/tbody/tr], [[ChromeDriver: chrome on WINDOWS (f68643ac6488005cd5a8e56cc9ee4c90)] -> xpath: //*[@id='resultTable']/tbody/tr], [[ChromeDriver: chrome on WINDOWS (f68643ac6488005cd5a8e56cc9ee4c90)] -> xpath: //*[@id='resultTable']/tbody/tr], [[ChromeDriver: chrome on WINDOWS (f68643ac6488005cd5a8e56cc9ee4c90)] -> xpath: //*[@id='resultTable']/tbody/tr], [[ChromeDriver: chrome on WINDOWS (f68643ac6488005cd5a8e56cc9ee4c90)] -> xpath: //*[@id='resultTable']/tbody/tr], [[ChromeDriver: chrome on WINDOWS (f68643ac6488005cd5a8e56cc9ee4c90)] -> xpath: //*[@id='resultTable']/tbody/tr], [[ChromeDriver: chrome on WINDOWS (f68643ac6488005cd5a8e56cc9ee4c90)] -> xpath: //*[@id='resultTable']/tbody/tr], [[ChromeDriver: chrome on WINDOWS (f68643ac6488005cd5a8e56cc9ee4c90)] -> xpath: //*[@id='resultTable']/tbody/tr], [[ChromeDriver: chrome on WINDOWS (f68643ac6488005cd5a8e56cc9ee4c90)] -> xpath: //*[@id='resultTable']/tbody/tr], [[ChromeDriver: chrome on WINDOWS (f68643ac6488005cd5a8e56cc9ee4c90)] -> xpath: //*[@id='resultTable']/tbody/tr], [[ChromeDriver: chrome on WINDOWS (f68643ac6488005cd5a8e56cc9ee4c90)] -> xpath: //*[@id='resultTable']/tbody/tr]]"},{"name":"ExpectedValue","value":"2"}],"start":1579356690414,"stop":1579356690508}],"attachments":[],"parameters":[],"start":1579356682043,"stop":1579356690509,"uuid":"2f7dfcd3-0c08-4ebe-a141-4f006651ae16","historyId":"bcd6d35d72d149053af7615ccc2e39c8","fullName":"SanityTest.OrangeHRM.test03_AddUser","labels":[{"name":"package","value":"SanityTest.OrangeHRM"},{"name":"testClass","value":"SanityTest.OrangeHRM"},{"name":"testMethod","value":"test03_AddUser"},{"name":"parentSuite","value":"Default Suite"},{"name":"suite","value":"AutomationProjectFullStack"},{"name":"subSuite","value":"SanityTest.OrangeHRM"},{"name":"host","value":"PC0K86VV-PC"},{"name":"thread","value":"14200@PC0K86VV-PC.main(1)"},{"name":"framework","value":"testng"},{"name":"language","value":"java"}],"links":[]}