{"name":"Test03: Add and Verify User","status":"failed","statusDetails":{"known":false,"muted":false,"flaky":false,"message":"expected [10] but found [16]","trace":"java.lang.AssertionError: expected [10] but found [16]\r\n\tat org.testng.Assert.fail(Assert.java:96)\r\n\tat org.testng.Assert.failNotEquals(Assert.java:776)\r\n\tat org.testng.Assert.assertEqualsImpl(Assert.java:137)\r\n\tat org.testng.Assert.assertEquals(Assert.java:118)\r\n\tat org.testng.Assert.assertEquals(Assert.java:652)\r\n\tat org.testng.Assert.assertEquals(Assert.java:662)\r\n\tat Extention.Verifications.NumberOfElement(Verifications.java:25)\r\n\tat SanityTest.OrangeHRM.test03_AddUser(OrangeHRM.java:38)\r\n\tat sun.reflect.NativeMethodAccessorImpl.invoke0(Native Method)\r\n\tat sun.reflect.NativeMethodAccessorImpl.invoke(NativeMethodAccessorImpl.java:62)\r\n\tat sun.reflect.DelegatingMethodAccessorImpl.invoke(DelegatingMethodAccessorImpl.java:43)\r\n\tat java.lang.reflect.Method.invoke(Method.java:498)\r\n\tat org.testng.internal.MethodInvocationHelper.invokeMethod(MethodInvocationHelper.java:124)\r\n\tat org.testng.internal.Invoker.invokeMethod(Invoker.java:583)\r\n\tat org.testng.internal.Invoker.invokeTestMethod(Invoker.java:719)\r\n\tat org.testng.internal.Invoker.invokeTestMethods(Invoker.java:989)\r\n\tat org.testng.internal.TestMethodWorker.invokeTestMethods(TestMethodWorker.java:125)\r\n\tat org.testng.internal.TestMethodWorker.run(TestMethodWorker.java:109)\r\n\tat org.testng.TestRunner.privateRun(TestRunner.java:648)\r\n\tat org.testng.TestRunner.run(TestRunner.java:505)\r\n\tat org.testng.SuiteRunner.runTest(SuiteRunner.java:455)\r\n\tat org.testng.SuiteRunner.runSequentially(SuiteRunner.java:450)\r\n\tat org.testng.SuiteRunner.privateRun(SuiteRunner.java:415)\r\n\tat org.testng.SuiteRunner.run(SuiteRunner.java:364)\r\n\tat org.testng.SuiteRunnerWorker.runSuite(SuiteRunnerWorker.java:52)\r\n\tat org.testng.SuiteRunnerWorker.run(SuiteRunnerWorker.java:84)\r\n\tat org.testng.TestNG.runSuitesSequentially(TestNG.java:1208)\r\n\tat org.testng.TestNG.runSuitesLocally(TestNG.java:1137)\r\n\tat org.testng.TestNG.runSuites(TestNG.java:1049)\r\n\tat org.testng.TestNG.run(TestNG.java:1017)\r\n\tat com.intellij.rt.testng.IDEARemoteTestNG.run(IDEARemoteTestNG.java:66)\r\n\tat com.intellij.rt.testng.RemoteTestNGStarter.main(RemoteTestNGStarter.java:110)\r\n"},"stage":"finished","description":"Test Description: Add New User to Table And verify that he exist","steps":[{"name":"Click on Element","status":"passed","stage":"finished","steps":[],"attachments":[],"parameters":[{"name":"elem","value":"[[ChromeDriver: chrome on WINDOWS (4ba7e7faa5d14edabb3b7c277c7a190a)] -> xpath: //*[@id='menu_admin_viewAdminModule']]"}],"start":1579365806551,"stop":1579365809619},{"name":"Mouse Over To Element","status":"passed","stage":"finished","steps":[],"attachments":[],"parameters":[{"name":"elem1","value":"[[ChromeDriver: chrome on WINDOWS (4ba7e7faa5d14edabb3b7c277c7a190a)] -> xpath: //*[@id='menu_admin_UserManagement']]"},{"name":"elem2","value":"[[ChromeDriver: chrome on WINDOWS (4ba7e7faa5d14edabb3b7c277c7a190a)] -> xpath: //*[@id='menu_admin_viewSystemUsers']]"}],"start":1579365809649,"stop":1579365810367},{"name":"Click on Element","status":"passed","stage":"finished","steps":[],"attachments":[],"parameters":[{"name":"elem","value":"[[ChromeDriver: chrome on WINDOWS (4ba7e7faa5d14edabb3b7c277c7a190a)] -> xpath: //*[@id='btnAdd']]"}],"start":1579365810395,"stop":1579365813804},{"name":"Create New User","status":"passed","stage":"finished","steps":[{"name":"Update Drop Down Filed","status":"passed","stage":"finished","steps":[],"attachments":[],"parameters":[{"name":"elem","value":"[[ChromeDriver: chrome on WINDOWS (4ba7e7faa5d14edabb3b7c277c7a190a)] -> xpath: //*[@id='systemUser_userType']]"},{"name":"value","value":"ESS"}],"start":1579365813854,"stop":1579365814079},{"name":"Send Text to Text-Field","status":"passed","stage":"finished","steps":[],"attachments":[],"parameters":[{"name":"elem","value":"[[ChromeDriver: chrome on WINDOWS (4ba7e7faa5d14edabb3b7c277c7a190a)] -> xpath: //*[@id='systemUser_employeeName_empName']]"},{"name":"value","value":"Linda Anderson"}],"start":1579365814118,"stop":1579365814466},{"name":"Send Text to Text-Field","status":"passed","stage":"finished","steps":[],"attachments":[],"parameters":[{"name":"elem","value":"[[ChromeDriver: chrome on WINDOWS (4ba7e7faa5d14edabb3b7c277c7a190a)] -> css selector: input[id='systemUser_userName']]"},{"name":"value","value":"linda2"}],"start":1579365814484,"stop":1579365814665},{"name":"Update Drop Down Filed","status":"passed","stage":"finished","steps":[],"attachments":[],"parameters":[{"name":"elem","value":"[[ChromeDriver: chrome on WINDOWS (4ba7e7faa5d14edabb3b7c277c7a190a)] -> xpath: //*[@id='systemUser_status']]"},{"name":"value","value":"Disabled"}],"start":1579365814695,"stop":1579365814880},{"name":"Send Text to Text-Field","status":"passed","stage":"finished","steps":[],"attachments":[],"parameters":[{"name":"elem","value":"[[ChromeDriver: chrome on WINDOWS (4ba7e7faa5d14edabb3b7c277c7a190a)] -> xpath: //*[@id='systemUser_password']]"},{"name":"value","value":"Admin12345"}],"start":1579365814907,"stop":1579365815125},{"name":"Send Text to Text-Field","status":"passed","stage":"finished","steps":[],"attachments":[],"parameters":[{"name":"elem","value":"[[ChromeDriver: chrome on WINDOWS (4ba7e7faa5d14edabb3b7c277c7a190a)] -> xpath: //*[@id='systemUser_confirmPassword']]"},{"name":"value","value":"Admin12345"}],"start":1579365815153,"stop":1579365815349},{"name":"Click on Element","status":"passed","stage":"finished","steps":[],"attachments":[],"parameters":[{"name":"elem","value":"[[ChromeDriver: chrome on WINDOWS (4ba7e7faa5d14edabb3b7c277c7a190a)] -> xpath: //*[@id='btnSave']]"}],"start":1579365816375,"stop":1579365816569}],"attachments":[],"parameters":[{"name":"RoleValue","value":"ESS"},{"name":"EmployeeName","value":"Linda Anderson"},{"name":"UserName","value":"linda2"},{"name":"UserStat","value":"Disabled"},{"name":"Password","value":"Admin12345"},{"name":"ConfirmPass","value":"Admin12345"}],"start":1579365813804,"stop":1579365816569},{"name":"Verify Number of Elements equals to","status":"failed","statusDetails":{"known":false,"muted":false,"flaky":false,"message":"expected [10] but found [16]","trace":"java.lang.AssertionError: expected [10] but found [16]\r\n\tat org.testng.Assert.fail(Assert.java:96)\r\n\tat org.testng.Assert.failNotEquals(Assert.java:776)\r\n\tat org.testng.Assert.assertEqualsImpl(Assert.java:137)\r\n\tat org.testng.Assert.assertEquals(Assert.java:118)\r\n\tat org.testng.Assert.assertEquals(Assert.java:652)\r\n\tat org.testng.Assert.assertEquals(Assert.java:662)\r\n\tat Extention.Verifications.NumberOfElement(Verifications.java:25)\r\n\tat SanityTest.OrangeHRM.test03_AddUser(OrangeHRM.java:38)\r\n\tat sun.reflect.NativeMethodAccessorImpl.invoke0(Native Method)\r\n\tat sun.reflect.NativeMethodAccessorImpl.invoke(NativeMethodAccessorImpl.java:62)\r\n\tat sun.reflect.DelegatingMethodAccessorImpl.invoke(DelegatingMethodAccessorImpl.java:43)\r\n\tat java.lang.reflect.Method.invoke(Method.java:498)\r\n\tat org.testng.internal.MethodInvocationHelper.invokeMethod(MethodInvocationHelper.java:124)\r\n\tat org.testng.internal.Invoker.invokeMethod(Invoker.java:583)\r\n\tat org.testng.internal.Invoker.invokeTestMethod(Invoker.java:719)\r\n\tat org.testng.internal.Invoker.invokeTestMethods(Invoker.java:989)\r\n\tat org.testng.internal.TestMethodWorker.invokeTestMethods(TestMethodWorker.java:125)\r\n\tat org.testng.internal.TestMethodWorker.run(TestMethodWorker.java:109)\r\n\tat org.testng.TestRunner.privateRun(TestRunner.java:648)\r\n\tat org.testng.TestRunner.run(TestRunner.java:505)\r\n\tat org.testng.SuiteRunner.runTest(SuiteRunner.java:455)\r\n\tat org.testng.SuiteRunner.runSequentially(SuiteRunner.java:450)\r\n\tat org.testng.SuiteRunner.privateRun(SuiteRunner.java:415)\r\n\tat org.testng.SuiteRunner.run(SuiteRunner.java:364)\r\n\tat org.testng.SuiteRunnerWorker.runSuite(SuiteRunnerWorker.java:52)\r\n\tat org.testng.SuiteRunnerWorker.run(SuiteRunnerWorker.java:84)\r\n\tat org.testng.TestNG.runSuitesSequentially(TestNG.java:1208)\r\n\tat org.testng.TestNG.runSuitesLocally(TestNG.java:1137)\r\n\tat org.testng.TestNG.runSuites(TestNG.java:1049)\r\n\tat org.testng.TestNG.run(TestNG.java:1017)\r\n\tat com.intellij.rt.testng.IDEARemoteTestNG.run(IDEARemoteTestNG.java:66)\r\n\tat com.intellij.rt.testng.RemoteTestNGStarter.main(RemoteTestNGStarter.java:110)\r\n"},"stage":"finished","steps":[],"attachments":[],"parameters":[{"name":"elems","value":"[[[ChromeDriver: chrome on WINDOWS (4ba7e7faa5d14edabb3b7c277c7a190a)] -> xpath: //*[@id='resultTable']/tbody/tr], [[ChromeDriver: chrome on WINDOWS (4ba7e7faa5d14edabb3b7c277c7a190a)] -> xpath: //*[@id='resultTable']/tbody/tr], [[ChromeDriver: chrome on WINDOWS (4ba7e7faa5d14edabb3b7c277c7a190a)] -> xpath: //*[@id='resultTable']/tbody/tr], [[ChromeDriver: chrome on WINDOWS (4ba7e7faa5d14edabb3b7c277c7a190a)] -> xpath: //*[@id='resultTable']/tbody/tr], [[ChromeDriver: chrome on WINDOWS (4ba7e7faa5d14edabb3b7c277c7a190a)] -> xpath: //*[@id='resultTable']/tbody/tr], [[ChromeDriver: chrome on WINDOWS (4ba7e7faa5d14edabb3b7c277c7a190a)] -> xpath: //*[@id='resultTable']/tbody/tr], [[ChromeDriver: chrome on WINDOWS (4ba7e7faa5d14edabb3b7c277c7a190a)] -> xpath: //*[@id='resultTable']/tbody/tr], [[ChromeDriver: chrome on WINDOWS (4ba7e7faa5d14edabb3b7c277c7a190a)] -> xpath: //*[@id='resultTable']/tbody/tr], [[ChromeDriver: chrome on WINDOWS (4ba7e7faa5d14edabb3b7c277c7a190a)] -> xpath: //*[@id='resultTable']/tbody/tr], [[ChromeDriver: chrome on WINDOWS (4ba7e7faa5d14edabb3b7c277c7a190a)] -> xpath: //*[@id='resultTable']/tbody/tr], [[ChromeDriver: chrome on WINDOWS (4ba7e7faa5d14edabb3b7c277c7a190a)] -> xpath: //*[@id='resultTable']/tbody/tr], [[ChromeDriver: chrome on WINDOWS (4ba7e7faa5d14edabb3b7c277c7a190a)] -> xpath: //*[@id='resultTable']/tbody/tr], [[ChromeDriver: chrome on WINDOWS (4ba7e7faa5d14edabb3b7c277c7a190a)] -> xpath: //*[@id='resultTable']/tbody/tr], [[ChromeDriver: chrome on WINDOWS (4ba7e7faa5d14edabb3b7c277c7a190a)] -> xpath: //*[@id='resultTable']/tbody/tr], [[ChromeDriver: chrome on WINDOWS (4ba7e7faa5d14edabb3b7c277c7a190a)] -> xpath: //*[@id='resultTable']/tbody/tr], [[ChromeDriver: chrome on WINDOWS (4ba7e7faa5d14edabb3b7c277c7a190a)] -> xpath: //*[@id='resultTable']/tbody/tr]]"},{"name":"ExpectedValue","value":"10"}],"start":1579365818323,"stop":1579365818467}],"attachments":[],"parameters":[],"start":1579365806530,"stop":1579365818472,"uuid":"650aa309-b14e-49f6-91fa-f680749a4f8b","historyId":"bcd6d35d72d149053af7615ccc2e39c8","fullName":"SanityTest.OrangeHRM.test03_AddUser","labels":[{"name":"package","value":"SanityTest.OrangeHRM"},{"name":"testClass","value":"SanityTest.OrangeHRM"},{"name":"testMethod","value":"test03_AddUser"},{"name":"parentSuite","value":"Default Suite"},{"name":"suite","value":"AutomationProjectFullStack"},{"name":"subSuite","value":"SanityTest.OrangeHRM"},{"name":"host","value":"PC0K86VV-PC"},{"name":"thread","value":"21372@PC0K86VV-PC.main(1)"},{"name":"framework","value":"testng"},{"name":"language","value":"java"}],"links":[]}