{"name":"Test03: Add and Verify User","status":"failed","statusDetails":{"known":false,"muted":false,"flaky":false,"message":"expected [linda467] but found [Admin]","trace":"java.lang.AssertionError: expected [linda467] but found [Admin]\r\n\tat org.testng.Assert.fail(Assert.java:96)\r\n\tat org.testng.Assert.failNotEquals(Assert.java:776)\r\n\tat org.testng.Assert.assertEqualsImpl(Assert.java:137)\r\n\tat org.testng.Assert.assertEquals(Assert.java:118)\r\n\tat org.testng.Assert.assertEquals(Assert.java:453)\r\n\tat org.testng.Assert.assertEquals(Assert.java:463)\r\n\tat Extention.Verifications.TextInElement(Verifications.java:26)\r\n\tat SanityTest.OrangeHRM.test03_AddUser(OrangeHRM.java:43)\r\n\tat sun.reflect.NativeMethodAccessorImpl.invoke0(Native Method)\r\n\tat sun.reflect.NativeMethodAccessorImpl.invoke(NativeMethodAccessorImpl.java:62)\r\n\tat sun.reflect.DelegatingMethodAccessorImpl.invoke(DelegatingMethodAccessorImpl.java:43)\r\n\tat java.lang.reflect.Method.invoke(Method.java:498)\r\n\tat org.testng.internal.MethodInvocationHelper.invokeMethod(MethodInvocationHelper.java:124)\r\n\tat org.testng.internal.Invoker.invokeMethod(Invoker.java:583)\r\n\tat org.testng.internal.Invoker.invokeTestMethod(Invoker.java:719)\r\n\tat org.testng.internal.Invoker.invokeTestMethods(Invoker.java:989)\r\n\tat org.testng.internal.TestMethodWorker.invokeTestMethods(TestMethodWorker.java:125)\r\n\tat org.testng.internal.TestMethodWorker.run(TestMethodWorker.java:109)\r\n\tat org.testng.TestRunner.privateRun(TestRunner.java:648)\r\n\tat org.testng.TestRunner.run(TestRunner.java:505)\r\n\tat org.testng.SuiteRunner.runTest(SuiteRunner.java:455)\r\n\tat org.testng.SuiteRunner.runSequentially(SuiteRunner.java:450)\r\n\tat org.testng.SuiteRunner.privateRun(SuiteRunner.java:415)\r\n\tat org.testng.SuiteRunner.run(SuiteRunner.java:364)\r\n\tat org.testng.SuiteRunnerWorker.runSuite(SuiteRunnerWorker.java:52)\r\n\tat org.testng.SuiteRunnerWorker.run(SuiteRunnerWorker.java:84)\r\n\tat org.testng.TestNG.runSuitesSequentially(TestNG.java:1208)\r\n\tat org.testng.TestNG.runSuitesLocally(TestNG.java:1137)\r\n\tat org.testng.TestNG.runSuites(TestNG.java:1049)\r\n\tat org.testng.TestNG.run(TestNG.java:1017)\r\n\tat com.intellij.rt.testng.IDEARemoteTestNG.run(IDEARemoteTestNG.java:66)\r\n\tat com.intellij.rt.testng.RemoteTestNGStarter.main(RemoteTestNGStarter.java:110)\r\n"},"stage":"finished","description":"Test Description: Add New User to Table And verify that he exist","steps":[{"name":"Click on Element","status":"passed","stage":"finished","steps":[],"attachments":[],"parameters":[{"name":"elem","value":"[[ChromeDriver: chrome on WINDOWS (a6a43f2c07961f7ad3a87d3dfc94f639)] -> xpath: //*[@id='menu_admin_viewAdminModule']]"}],"start":1579810803534,"stop":1579810804977},{"name":"Mouse Over To Element","status":"passed","stage":"finished","steps":[],"attachments":[],"parameters":[{"name":"elem1","value":"[[ChromeDriver: chrome on WINDOWS (a6a43f2c07961f7ad3a87d3dfc94f639)] -> xpath: //*[@id='menu_admin_UserManagement']]"},{"name":"elem2","value":"[[ChromeDriver: chrome on WINDOWS (a6a43f2c07961f7ad3a87d3dfc94f639)] -> xpath: //*[@id='menu_admin_viewSystemUsers']]"}],"start":1579810805011,"stop":1579810805860},{"name":"Click on Element","status":"passed","stage":"finished","steps":[],"attachments":[],"parameters":[{"name":"elem","value":"[[ChromeDriver: chrome on WINDOWS (a6a43f2c07961f7ad3a87d3dfc94f639)] -> xpath: //*[@id='btnAdd']]"}],"start":1579810805877,"stop":1579810806767},{"name":"Create New User","status":"passed","stage":"finished","steps":[{"name":"Update Drop Down Filed","status":"passed","stage":"finished","steps":[],"attachments":[],"parameters":[{"name":"elem","value":"[[ChromeDriver: chrome on WINDOWS (a6a43f2c07961f7ad3a87d3dfc94f639)] -> xpath: //*[@id='systemUser_userType']]"},{"name":"value","value":"ESS"}],"start":1579810806787,"stop":1579810806941},{"name":"Send Text to Text-Field","status":"passed","stage":"finished","steps":[],"attachments":[],"parameters":[{"name":"elem","value":"[[ChromeDriver: chrome on WINDOWS (a6a43f2c07961f7ad3a87d3dfc94f639)] -> xpath: //*[@id='systemUser_employeeName_empName']]"},{"name":"value","value":"Linda Anderson"}],"start":1579810806964,"stop":1579810807224},{"name":"Send Text to Text-Field","status":"passed","stage":"finished","steps":[],"attachments":[],"parameters":[{"name":"elem","value":"[[ChromeDriver: chrome on WINDOWS (a6a43f2c07961f7ad3a87d3dfc94f639)] -> css selector: input[id='systemUser_userName']]"},{"name":"value","value":"linda467"}],"start":1579810807253,"stop":1579810807442},{"name":"Update Drop Down Filed","status":"passed","stage":"finished","steps":[],"attachments":[],"parameters":[{"name":"elem","value":"[[ChromeDriver: chrome on WINDOWS (a6a43f2c07961f7ad3a87d3dfc94f639)] -> xpath: //*[@id='systemUser_status']]"},{"name":"value","value":"Disabled"}],"start":1579810807468,"stop":1579810807652},{"name":"Send Text to Text-Field","status":"passed","stage":"finished","steps":[],"attachments":[],"parameters":[{"name":"elem","value":"[[ChromeDriver: chrome on WINDOWS (a6a43f2c07961f7ad3a87d3dfc94f639)] -> xpath: //*[@id='systemUser_password']]"},{"name":"value","value":"Admin12345"}],"start":1579810807684,"stop":1579810807903},{"name":"Send Text to Text-Field","status":"passed","stage":"finished","steps":[],"attachments":[],"parameters":[{"name":"elem","value":"[[ChromeDriver: chrome on WINDOWS (a6a43f2c07961f7ad3a87d3dfc94f639)] -> xpath: //*[@id='systemUser_confirmPassword']]"},{"name":"value","value":"Admin12345"}],"start":1579810807921,"stop":1579810808116},{"name":"Click on Element","status":"passed","stage":"finished","steps":[],"attachments":[],"parameters":[{"name":"elem","value":"[[ChromeDriver: chrome on WINDOWS (a6a43f2c07961f7ad3a87d3dfc94f639)] -> xpath: //*[@id='btnSave']]"}],"start":1579810809151,"stop":1579810809371},{"name":"Send Text to Text-Field","status":"passed","stage":"finished","steps":[],"attachments":[],"parameters":[{"name":"elem","value":"[[ChromeDriver: chrome on WINDOWS (a6a43f2c07961f7ad3a87d3dfc94f639)] -> xpath: //*[@id='searchSystemUser_userName']]"},{"name":"value","value":"linda467"}],"start":1579810811111,"stop":1579810811280},{"name":"Click on Element","status":"passed","stage":"finished","steps":[],"attachments":[],"parameters":[{"name":"elem","value":"[[ChromeDriver: chrome on WINDOWS (a6a43f2c07961f7ad3a87d3dfc94f639)] -> xpath: //*[@id='searchBtn']]"}],"start":1579810811296,"stop":1579810812021}],"attachments":[],"parameters":[{"name":"RoleValue","value":"ESS"},{"name":"EmployeeName","value":"Linda Anderson"},{"name":"UserName","value":"linda467"},{"name":"UserStat","value":"Disabled"},{"name":"Password","value":"Admin12345"},{"name":"ConfirmPass","value":"Admin12345"}],"start":1579810806768,"stop":1579810812021},{"name":"Verify Text in element","status":"failed","statusDetails":{"known":false,"muted":false,"flaky":false,"message":"expected [linda467] but found [Admin]","trace":"java.lang.AssertionError: expected [linda467] but found [Admin]\r\n\tat org.testng.Assert.fail(Assert.java:96)\r\n\tat org.testng.Assert.failNotEquals(Assert.java:776)\r\n\tat org.testng.Assert.assertEqualsImpl(Assert.java:137)\r\n\tat org.testng.Assert.assertEquals(Assert.java:118)\r\n\tat org.testng.Assert.assertEquals(Assert.java:453)\r\n\tat org.testng.Assert.assertEquals(Assert.java:463)\r\n\tat Extention.Verifications.TextInElement(Verifications.java:26)\r\n\tat SanityTest.OrangeHRM.test03_AddUser(OrangeHRM.java:43)\r\n\tat sun.reflect.NativeMethodAccessorImpl.invoke0(Native Method)\r\n\tat sun.reflect.NativeMethodAccessorImpl.invoke(NativeMethodAccessorImpl.java:62)\r\n\tat sun.reflect.DelegatingMethodAccessorImpl.invoke(DelegatingMethodAccessorImpl.java:43)\r\n\tat java.lang.reflect.Method.invoke(Method.java:498)\r\n\tat org.testng.internal.MethodInvocationHelper.invokeMethod(MethodInvocationHelper.java:124)\r\n\tat org.testng.internal.Invoker.invokeMethod(Invoker.java:583)\r\n\tat org.testng.internal.Invoker.invokeTestMethod(Invoker.java:719)\r\n\tat org.testng.internal.Invoker.invokeTestMethods(Invoker.java:989)\r\n\tat org.testng.internal.TestMethodWorker.invokeTestMethods(TestMethodWorker.java:125)\r\n\tat org.testng.internal.TestMethodWorker.run(TestMethodWorker.java:109)\r\n\tat org.testng.TestRunner.privateRun(TestRunner.java:648)\r\n\tat org.testng.TestRunner.run(TestRunner.java:505)\r\n\tat org.testng.SuiteRunner.runTest(SuiteRunner.java:455)\r\n\tat org.testng.SuiteRunner.runSequentially(SuiteRunner.java:450)\r\n\tat org.testng.SuiteRunner.privateRun(SuiteRunner.java:415)\r\n\tat org.testng.SuiteRunner.run(SuiteRunner.java:364)\r\n\tat org.testng.SuiteRunnerWorker.runSuite(SuiteRunnerWorker.java:52)\r\n\tat org.testng.SuiteRunnerWorker.run(SuiteRunnerWorker.java:84)\r\n\tat org.testng.TestNG.runSuitesSequentially(TestNG.java:1208)\r\n\tat org.testng.TestNG.runSuitesLocally(TestNG.java:1137)\r\n\tat org.testng.TestNG.runSuites(TestNG.java:1049)\r\n\tat org.testng.TestNG.run(TestNG.java:1017)\r\n\tat com.intellij.rt.testng.IDEARemoteTestNG.run(IDEARemoteTestNG.java:66)\r\n\tat com.intellij.rt.testng.RemoteTestNGStarter.main(RemoteTestNGStarter.java:110)\r\n"},"stage":"finished","steps":[],"attachments":[],"parameters":[{"name":"elem","value":"[[ChromeDriver: chrome on WINDOWS (a6a43f2c07961f7ad3a87d3dfc94f639)] -> xpath: //*[@id='resultTable']/tbody/tr/td[2]/a]"},{"name":"ExpectedValue","value":"linda467"}],"start":1579810812045,"stop":1579810812140}],"attachments":[{"name":"Page Screen-Shot","source":"96445929-806c-4032-afdd-8af3de0d7cac-attachment","type":"image/png"}],"parameters":[],"start":1579810803521,"stop":1579810812699,"uuid":"6bc88cdb-7531-41e3-aa7d-c4f3686ebb13","historyId":"bcd6d35d72d149053af7615ccc2e39c8","fullName":"SanityTest.OrangeHRM.test03_AddUser","labels":[{"name":"package","value":"SanityTest.OrangeHRM"},{"name":"testClass","value":"SanityTest.OrangeHRM"},{"name":"testMethod","value":"test03_AddUser"},{"name":"parentSuite","value":"Default Suite"},{"name":"suite","value":"AutomationProjectFullStack"},{"name":"subSuite","value":"SanityTest.OrangeHRM"},{"name":"host","value":"PC0K86VV-PC"},{"name":"thread","value":"28424@PC0K86VV-PC.main(1)"},{"name":"framework","value":"testng"},{"name":"language","value":"java"}],"links":[]}