{"name":"Test03: Add and Verify User","status":"failed","statusDetails":{"known":false,"muted":false,"flaky":false,"message":"expected [17] but found [8]","trace":"java.lang.AssertionError: expected [17] but found [8]\r\n\tat org.testng.Assert.fail(Assert.java:96)\r\n\tat org.testng.Assert.failNotEquals(Assert.java:776)\r\n\tat org.testng.Assert.assertEqualsImpl(Assert.java:137)\r\n\tat org.testng.Assert.assertEquals(Assert.java:118)\r\n\tat org.testng.Assert.assertEquals(Assert.java:652)\r\n\tat org.testng.Assert.assertEquals(Assert.java:662)\r\n\tat Extention.Verifications.NumberOfElement(Verifications.java:32)\r\n\tat SanityTest.OrangeHRM.test03_AddUser(OrangeHRM.java:42)\r\n\tat sun.reflect.NativeMethodAccessorImpl.invoke0(Native Method)\r\n\tat sun.reflect.NativeMethodAccessorImpl.invoke(NativeMethodAccessorImpl.java:62)\r\n\tat sun.reflect.DelegatingMethodAccessorImpl.invoke(DelegatingMethodAccessorImpl.java:43)\r\n\tat java.lang.reflect.Method.invoke(Method.java:498)\r\n\tat org.testng.internal.MethodInvocationHelper.invokeMethod(MethodInvocationHelper.java:124)\r\n\tat org.testng.internal.Invoker.invokeMethod(Invoker.java:583)\r\n\tat org.testng.internal.Invoker.invokeTestMethod(Invoker.java:719)\r\n\tat org.testng.internal.Invoker.invokeTestMethods(Invoker.java:989)\r\n\tat org.testng.internal.TestMethodWorker.invokeTestMethods(TestMethodWorker.java:125)\r\n\tat org.testng.internal.TestMethodWorker.run(TestMethodWorker.java:109)\r\n\tat org.testng.TestRunner.privateRun(TestRunner.java:648)\r\n\tat org.testng.TestRunner.run(TestRunner.java:505)\r\n\tat org.testng.SuiteRunner.runTest(SuiteRunner.java:455)\r\n\tat org.testng.SuiteRunner.runSequentially(SuiteRunner.java:450)\r\n\tat org.testng.SuiteRunner.privateRun(SuiteRunner.java:415)\r\n\tat org.testng.SuiteRunner.run(SuiteRunner.java:364)\r\n\tat org.testng.SuiteRunnerWorker.runSuite(SuiteRunnerWorker.java:52)\r\n\tat org.testng.SuiteRunnerWorker.run(SuiteRunnerWorker.java:84)\r\n\tat org.testng.TestNG.runSuitesSequentially(TestNG.java:1208)\r\n\tat org.testng.TestNG.runSuitesLocally(TestNG.java:1137)\r\n\tat org.testng.TestNG.runSuites(TestNG.java:1049)\r\n\tat org.testng.TestNG.run(TestNG.java:1017)\r\n\tat com.intellij.rt.testng.IDEARemoteTestNG.run(IDEARemoteTestNG.java:66)\r\n\tat com.intellij.rt.testng.RemoteTestNGStarter.main(RemoteTestNGStarter.java:110)\r\n"},"stage":"finished","description":"Test Description: Add New User to Table And verify that he exist","steps":[{"name":"Click on Element","status":"passed","stage":"finished","steps":[],"attachments":[],"parameters":[{"name":"elem","value":"[[ChromeDriver: chrome on WINDOWS (f9f55e2da8536a7cac16fb36448bc1b3)] -> xpath: //*[@id='menu_admin_viewAdminModule']]"}],"start":1579466634400,"stop":1579466636926},{"name":"Mouse Over To Element","status":"passed","stage":"finished","steps":[],"attachments":[],"parameters":[{"name":"elem1","value":"[[ChromeDriver: chrome on WINDOWS (f9f55e2da8536a7cac16fb36448bc1b3)] -> xpath: //*[@id='menu_admin_UserManagement']]"},{"name":"elem2","value":"[[ChromeDriver: chrome on WINDOWS (f9f55e2da8536a7cac16fb36448bc1b3)] -> xpath: //*[@id='menu_admin_viewSystemUsers']]"}],"start":1579466636977,"stop":1579466637851},{"name":"Click on Element","status":"passed","stage":"finished","steps":[],"attachments":[],"parameters":[{"name":"elem","value":"[[ChromeDriver: chrome on WINDOWS (f9f55e2da8536a7cac16fb36448bc1b3)] -> xpath: //*[@id='btnAdd']]"}],"start":1579466637896,"stop":1579466638927},{"name":"Create New User","status":"passed","stage":"finished","steps":[{"name":"Update Drop Down Filed","status":"passed","stage":"finished","steps":[],"attachments":[],"parameters":[{"name":"elem","value":"[[ChromeDriver: chrome on WINDOWS (f9f55e2da8536a7cac16fb36448bc1b3)] -> xpath: //*[@id='systemUser_userType']]"},{"name":"value","value":"ESS"}],"start":1579466638979,"stop":1579466639172},{"name":"Send Text to Text-Field","status":"passed","stage":"finished","steps":[],"attachments":[],"parameters":[{"name":"elem","value":"[[ChromeDriver: chrome on WINDOWS (f9f55e2da8536a7cac16fb36448bc1b3)] -> xpath: //*[@id='systemUser_employeeName_empName']]"},{"name":"value","value":"Linda Anderson"}],"start":1579466639199,"stop":1579466639554},{"name":"Send Text to Text-Field","status":"passed","stage":"finished","steps":[],"attachments":[],"parameters":[{"name":"elem","value":"[[ChromeDriver: chrome on WINDOWS (f9f55e2da8536a7cac16fb36448bc1b3)] -> css selector: input[id='systemUser_userName']]"},{"name":"value","value":"linda3"}],"start":1579466639585,"stop":1579466639792},{"name":"Update Drop Down Filed","status":"passed","stage":"finished","steps":[],"attachments":[],"parameters":[{"name":"elem","value":"[[ChromeDriver: chrome on WINDOWS (f9f55e2da8536a7cac16fb36448bc1b3)] -> xpath: //*[@id='systemUser_status']]"},{"name":"value","value":"Disabled"}],"start":1579466639818,"stop":1579466640023},{"name":"Send Text to Text-Field","status":"passed","stage":"finished","steps":[],"attachments":[],"parameters":[{"name":"elem","value":"[[ChromeDriver: chrome on WINDOWS (f9f55e2da8536a7cac16fb36448bc1b3)] -> xpath: //*[@id='systemUser_password']]"},{"name":"value","value":"Admin12345"}],"start":1579466640053,"stop":1579466640304},{"name":"Send Text to Text-Field","status":"passed","stage":"finished","steps":[],"attachments":[],"parameters":[{"name":"elem","value":"[[ChromeDriver: chrome on WINDOWS (f9f55e2da8536a7cac16fb36448bc1b3)] -> xpath: //*[@id='systemUser_confirmPassword']]"},{"name":"value","value":"Admin12345"}],"start":1579466640323,"stop":1579466640475},{"name":"Click on Element","status":"passed","stage":"finished","steps":[],"attachments":[],"parameters":[{"name":"elem","value":"[[ChromeDriver: chrome on WINDOWS (f9f55e2da8536a7cac16fb36448bc1b3)] -> xpath: //*[@id='btnSave']]"}],"start":1579466641501,"stop":1579466641702}],"attachments":[],"parameters":[{"name":"RoleValue","value":"ESS"},{"name":"EmployeeName","value":"Linda Anderson"},{"name":"UserName","value":"linda3"},{"name":"UserStat","value":"Disabled"},{"name":"Password","value":"Admin12345"},{"name":"ConfirmPass","value":"Admin12345"}],"start":1579466638928,"stop":1579466641702},{"name":"Verify Number of Elements equals to","status":"failed","statusDetails":{"known":false,"muted":false,"flaky":false,"message":"expected [17] but found [8]","trace":"java.lang.AssertionError: expected [17] but found [8]\r\n\tat org.testng.Assert.fail(Assert.java:96)\r\n\tat org.testng.Assert.failNotEquals(Assert.java:776)\r\n\tat org.testng.Assert.assertEqualsImpl(Assert.java:137)\r\n\tat org.testng.Assert.assertEquals(Assert.java:118)\r\n\tat org.testng.Assert.assertEquals(Assert.java:652)\r\n\tat org.testng.Assert.assertEquals(Assert.java:662)\r\n\tat Extention.Verifications.NumberOfElement(Verifications.java:32)\r\n\tat SanityTest.OrangeHRM.test03_AddUser(OrangeHRM.java:42)\r\n\tat sun.reflect.NativeMethodAccessorImpl.invoke0(Native Method)\r\n\tat sun.reflect.NativeMethodAccessorImpl.invoke(NativeMethodAccessorImpl.java:62)\r\n\tat sun.reflect.DelegatingMethodAccessorImpl.invoke(DelegatingMethodAccessorImpl.java:43)\r\n\tat java.lang.reflect.Method.invoke(Method.java:498)\r\n\tat org.testng.internal.MethodInvocationHelper.invokeMethod(MethodInvocationHelper.java:124)\r\n\tat org.testng.internal.Invoker.invokeMethod(Invoker.java:583)\r\n\tat org.testng.internal.Invoker.invokeTestMethod(Invoker.java:719)\r\n\tat org.testng.internal.Invoker.invokeTestMethods(Invoker.java:989)\r\n\tat org.testng.internal.TestMethodWorker.invokeTestMethods(TestMethodWorker.java:125)\r\n\tat org.testng.internal.TestMethodWorker.run(TestMethodWorker.java:109)\r\n\tat org.testng.TestRunner.privateRun(TestRunner.java:648)\r\n\tat org.testng.TestRunner.run(TestRunner.java:505)\r\n\tat org.testng.SuiteRunner.runTest(SuiteRunner.java:455)\r\n\tat org.testng.SuiteRunner.runSequentially(SuiteRunner.java:450)\r\n\tat org.testng.SuiteRunner.privateRun(SuiteRunner.java:415)\r\n\tat org.testng.SuiteRunner.run(SuiteRunner.java:364)\r\n\tat org.testng.SuiteRunnerWorker.runSuite(SuiteRunnerWorker.java:52)\r\n\tat org.testng.SuiteRunnerWorker.run(SuiteRunnerWorker.java:84)\r\n\tat org.testng.TestNG.runSuitesSequentially(TestNG.java:1208)\r\n\tat org.testng.TestNG.runSuitesLocally(TestNG.java:1137)\r\n\tat org.testng.TestNG.runSuites(TestNG.java:1049)\r\n\tat org.testng.TestNG.run(TestNG.java:1017)\r\n\tat com.intellij.rt.testng.IDEARemoteTestNG.run(IDEARemoteTestNG.java:66)\r\n\tat com.intellij.rt.testng.RemoteTestNGStarter.main(RemoteTestNGStarter.java:110)\r\n"},"stage":"finished","steps":[],"attachments":[],"parameters":[{"name":"elems","value":"[[[ChromeDriver: chrome on WINDOWS (f9f55e2da8536a7cac16fb36448bc1b3)] -> xpath: //*[@id='resultTable']/tbody/tr], [[ChromeDriver: chrome on WINDOWS (f9f55e2da8536a7cac16fb36448bc1b3)] -> xpath: //*[@id='resultTable']/tbody/tr], [[ChromeDriver: chrome on WINDOWS (f9f55e2da8536a7cac16fb36448bc1b3)] -> xpath: //*[@id='resultTable']/tbody/tr], [[ChromeDriver: chrome on WINDOWS (f9f55e2da8536a7cac16fb36448bc1b3)] -> xpath: //*[@id='resultTable']/tbody/tr], [[ChromeDriver: chrome on WINDOWS (f9f55e2da8536a7cac16fb36448bc1b3)] -> xpath: //*[@id='resultTable']/tbody/tr], [[ChromeDriver: chrome on WINDOWS (f9f55e2da8536a7cac16fb36448bc1b3)] -> xpath: //*[@id='resultTable']/tbody/tr], [[ChromeDriver: chrome on WINDOWS (f9f55e2da8536a7cac16fb36448bc1b3)] -> xpath: //*[@id='resultTable']/tbody/tr], [[ChromeDriver: chrome on WINDOWS (f9f55e2da8536a7cac16fb36448bc1b3)] -> xpath: //*[@id='resultTable']/tbody/tr]]"},{"name":"ExpectedValue","value":"17"}],"start":1579466643649,"stop":1579466643798}],"attachments":[{"name":"Page Screen-Shot","source":"56177296-3c02-4694-97f6-773c32ecf332-attachment","type":"image/png"}],"parameters":[],"start":1579466634377,"stop":1579466644353,"uuid":"940c9d8c-604b-4450-a03d-775059a1e81d","historyId":"bcd6d35d72d149053af7615ccc2e39c8","fullName":"SanityTest.OrangeHRM.test03_AddUser","labels":[{"name":"package","value":"SanityTest.OrangeHRM"},{"name":"testClass","value":"SanityTest.OrangeHRM"},{"name":"testMethod","value":"test03_AddUser"},{"name":"parentSuite","value":"Default Suite"},{"name":"suite","value":"AutomationProjectFullStack"},{"name":"subSuite","value":"SanityTest.OrangeHRM"},{"name":"host","value":"PC0K86VV-PC"},{"name":"thread","value":"22776@PC0K86VV-PC.main(1)"},{"name":"framework","value":"testng"},{"name":"language","value":"java"}],"links":[]}