{"name":"Test02: Verify Default User","status":"failed","statusDetails":{"known":false,"muted":false,"flaky":false,"message":"expected [16] but found [10]","trace":"java.lang.AssertionError: expected [16] but found [10]\r\n\tat org.testng.Assert.fail(Assert.java:96)\r\n\tat org.testng.Assert.failNotEquals(Assert.java:776)\r\n\tat org.testng.Assert.assertEqualsImpl(Assert.java:137)\r\n\tat org.testng.Assert.assertEquals(Assert.java:118)\r\n\tat org.testng.Assert.assertEquals(Assert.java:652)\r\n\tat org.testng.Assert.assertEquals(Assert.java:662)\r\n\tat Extention.Verifications.NumberOfElement(Verifications.java:32)\r\n\tat SanityTest.OrangeHRM.test02_VerifyDefaultUser(OrangeHRM.java:31)\r\n\tat sun.reflect.NativeMethodAccessorImpl.invoke0(Native Method)\r\n\tat sun.reflect.NativeMethodAccessorImpl.invoke(NativeMethodAccessorImpl.java:62)\r\n\tat sun.reflect.DelegatingMethodAccessorImpl.invoke(DelegatingMethodAccessorImpl.java:43)\r\n\tat java.lang.reflect.Method.invoke(Method.java:498)\r\n\tat org.testng.internal.MethodInvocationHelper.invokeMethod(MethodInvocationHelper.java:124)\r\n\tat org.testng.internal.Invoker.invokeMethod(Invoker.java:583)\r\n\tat org.testng.internal.Invoker.invokeTestMethod(Invoker.java:719)\r\n\tat org.testng.internal.Invoker.invokeTestMethods(Invoker.java:989)\r\n\tat org.testng.internal.TestMethodWorker.invokeTestMethods(TestMethodWorker.java:125)\r\n\tat org.testng.internal.TestMethodWorker.run(TestMethodWorker.java:109)\r\n\tat org.testng.TestRunner.privateRun(TestRunner.java:648)\r\n\tat org.testng.TestRunner.run(TestRunner.java:505)\r\n\tat org.testng.SuiteRunner.runTest(SuiteRunner.java:455)\r\n\tat org.testng.SuiteRunner.runSequentially(SuiteRunner.java:450)\r\n\tat org.testng.SuiteRunner.privateRun(SuiteRunner.java:415)\r\n\tat org.testng.SuiteRunner.run(SuiteRunner.java:364)\r\n\tat org.testng.SuiteRunnerWorker.runSuite(SuiteRunnerWorker.java:52)\r\n\tat org.testng.SuiteRunnerWorker.run(SuiteRunnerWorker.java:84)\r\n\tat org.testng.TestNG.runSuitesSequentially(TestNG.java:1208)\r\n\tat org.testng.TestNG.runSuitesLocally(TestNG.java:1137)\r\n\tat org.testng.TestNG.runSuites(TestNG.java:1049)\r\n\tat org.testng.TestNG.run(TestNG.java:1017)\r\n\tat com.intellij.rt.testng.IDEARemoteTestNG.run(IDEARemoteTestNG.java:66)\r\n\tat com.intellij.rt.testng.RemoteTestNGStarter.main(RemoteTestNGStarter.java:110)\r\n"},"stage":"finished","description":"Test Description: Verify Default Number of User","steps":[{"name":"Click on Element","status":"passed","stage":"finished","steps":[],"attachments":[],"parameters":[{"name":"elem","value":"[[ChromeDriver: chrome on WINDOWS (d80f61591899c2fbe487b31053f0d0c5)] -> xpath: //*[@id='menu_admin_viewAdminModule']]"}],"start":1579467249029,"stop":1579467251157},{"name":"Mouse Over To Element","status":"passed","stage":"finished","steps":[],"attachments":[],"parameters":[{"name":"elem1","value":"[[ChromeDriver: chrome on WINDOWS (d80f61591899c2fbe487b31053f0d0c5)] -> xpath: //*[@id='menu_admin_UserManagement']]"},{"name":"elem2","value":"[[ChromeDriver: chrome on WINDOWS (d80f61591899c2fbe487b31053f0d0c5)] -> xpath: //*[@id='menu_admin_viewSystemUsers']]"}],"start":1579467251243,"stop":1579467252198},{"name":"Verify Number of Elements equals to","status":"failed","statusDetails":{"known":false,"muted":false,"flaky":false,"message":"expected [16] but found [10]","trace":"java.lang.AssertionError: expected [16] but found [10]\r\n\tat org.testng.Assert.fail(Assert.java:96)\r\n\tat org.testng.Assert.failNotEquals(Assert.java:776)\r\n\tat org.testng.Assert.assertEqualsImpl(Assert.java:137)\r\n\tat org.testng.Assert.assertEquals(Assert.java:118)\r\n\tat org.testng.Assert.assertEquals(Assert.java:652)\r\n\tat org.testng.Assert.assertEquals(Assert.java:662)\r\n\tat Extention.Verifications.NumberOfElement(Verifications.java:32)\r\n\tat SanityTest.OrangeHRM.test02_VerifyDefaultUser(OrangeHRM.java:31)\r\n\tat sun.reflect.NativeMethodAccessorImpl.invoke0(Native Method)\r\n\tat sun.reflect.NativeMethodAccessorImpl.invoke(NativeMethodAccessorImpl.java:62)\r\n\tat sun.reflect.DelegatingMethodAccessorImpl.invoke(DelegatingMethodAccessorImpl.java:43)\r\n\tat java.lang.reflect.Method.invoke(Method.java:498)\r\n\tat org.testng.internal.MethodInvocationHelper.invokeMethod(MethodInvocationHelper.java:124)\r\n\tat org.testng.internal.Invoker.invokeMethod(Invoker.java:583)\r\n\tat org.testng.internal.Invoker.invokeTestMethod(Invoker.java:719)\r\n\tat org.testng.internal.Invoker.invokeTestMethods(Invoker.java:989)\r\n\tat org.testng.internal.TestMethodWorker.invokeTestMethods(TestMethodWorker.java:125)\r\n\tat org.testng.internal.TestMethodWorker.run(TestMethodWorker.java:109)\r\n\tat org.testng.TestRunner.privateRun(TestRunner.java:648)\r\n\tat org.testng.TestRunner.run(TestRunner.java:505)\r\n\tat org.testng.SuiteRunner.runTest(SuiteRunner.java:455)\r\n\tat org.testng.SuiteRunner.runSequentially(SuiteRunner.java:450)\r\n\tat org.testng.SuiteRunner.privateRun(SuiteRunner.java:415)\r\n\tat org.testng.SuiteRunner.run(SuiteRunner.java:364)\r\n\tat org.testng.SuiteRunnerWorker.runSuite(SuiteRunnerWorker.java:52)\r\n\tat org.testng.SuiteRunnerWorker.run(SuiteRunnerWorker.java:84)\r\n\tat org.testng.TestNG.runSuitesSequentially(TestNG.java:1208)\r\n\tat org.testng.TestNG.runSuitesLocally(TestNG.java:1137)\r\n\tat org.testng.TestNG.runSuites(TestNG.java:1049)\r\n\tat org.testng.TestNG.run(TestNG.java:1017)\r\n\tat com.intellij.rt.testng.IDEARemoteTestNG.run(IDEARemoteTestNG.java:66)\r\n\tat com.intellij.rt.testng.RemoteTestNGStarter.main(RemoteTestNGStarter.java:110)\r\n"},"stage":"finished","steps":[],"attachments":[],"parameters":[{"name":"elems","value":"[[[ChromeDriver: chrome on WINDOWS (d80f61591899c2fbe487b31053f0d0c5)] -> xpath: //*[@id='resultTable']/tbody/tr], [[ChromeDriver: chrome on WINDOWS (d80f61591899c2fbe487b31053f0d0c5)] -> xpath: //*[@id='resultTable']/tbody/tr], [[ChromeDriver: chrome on WINDOWS (d80f61591899c2fbe487b31053f0d0c5)] -> xpath: //*[@id='resultTable']/tbody/tr], [[ChromeDriver: chrome on WINDOWS (d80f61591899c2fbe487b31053f0d0c5)] -> xpath: //*[@id='resultTable']/tbody/tr], [[ChromeDriver: chrome on WINDOWS (d80f61591899c2fbe487b31053f0d0c5)] -> xpath: //*[@id='resultTable']/tbody/tr], [[ChromeDriver: chrome on WINDOWS (d80f61591899c2fbe487b31053f0d0c5)] -> xpath: //*[@id='resultTable']/tbody/tr], [[ChromeDriver: chrome on WINDOWS (d80f61591899c2fbe487b31053f0d0c5)] -> xpath: //*[@id='resultTable']/tbody/tr], [[ChromeDriver: chrome on WINDOWS (d80f61591899c2fbe487b31053f0d0c5)] -> xpath: //*[@id='resultTable']/tbody/tr], [[ChromeDriver: chrome on WINDOWS (d80f61591899c2fbe487b31053f0d0c5)] -> xpath: //*[@id='resultTable']/tbody/tr], [[ChromeDriver: chrome on WINDOWS (d80f61591899c2fbe487b31053f0d0c5)] -> xpath: //*[@id='resultTable']/tbody/tr]]"},{"name":"ExpectedValue","value":"16"}],"start":1579467252250,"stop":1579467252355}],"attachments":[{"name":"Page Screen-Shot","source":"bced0c4f-d1b4-4fbe-a4b6-6ca1b56dc222-attachment","type":"image/png"}],"parameters":[],"start":1579467248994,"stop":1579467252884,"uuid":"b4775152-3c93-402b-a91f-935222b2f630","historyId":"2ae7a1c56433e4d2bfb617a178966bfc","fullName":"SanityTest.OrangeHRM.test02_VerifyDefaultUser","labels":[{"name":"package","value":"SanityTest.OrangeHRM"},{"name":"testClass","value":"SanityTest.OrangeHRM"},{"name":"testMethod","value":"test02_VerifyDefaultUser"},{"name":"parentSuite","value":"Default Suite"},{"name":"suite","value":"AutomationProjectFullStack"},{"name":"subSuite","value":"SanityTest.OrangeHRM"},{"name":"host","value":"PC0K86VV-PC"},{"name":"thread","value":"19272@PC0K86VV-PC.main(1)"},{"name":"framework","value":"testng"},{"name":"language","value":"java"}],"links":[]}