{"name":"Test04: Delete User From Table","status":"failed","statusDetails":{"known":false,"muted":false,"flaky":false,"message":"expected [9] but found [15]","trace":"java.lang.AssertionError: expected [9] but found [15]\r\n\tat org.testng.Assert.fail(Assert.java:96)\r\n\tat org.testng.Assert.failNotEquals(Assert.java:776)\r\n\tat org.testng.Assert.assertEqualsImpl(Assert.java:137)\r\n\tat org.testng.Assert.assertEquals(Assert.java:118)\r\n\tat org.testng.Assert.assertEquals(Assert.java:652)\r\n\tat org.testng.Assert.assertEquals(Assert.java:662)\r\n\tat Extention.Verifications.NumberOfElement(Verifications.java:25)\r\n\tat SanityTest.OrangeHRM.test04_DeleteUser(OrangeHRM.java:54)\r\n\tat sun.reflect.NativeMethodAccessorImpl.invoke0(Native Method)\r\n\tat sun.reflect.NativeMethodAccessorImpl.invoke(NativeMethodAccessorImpl.java:62)\r\n\tat sun.reflect.DelegatingMethodAccessorImpl.invoke(DelegatingMethodAccessorImpl.java:43)\r\n\tat java.lang.reflect.Method.invoke(Method.java:498)\r\n\tat org.testng.internal.MethodInvocationHelper.invokeMethod(MethodInvocationHelper.java:124)\r\n\tat org.testng.internal.Invoker.invokeMethod(Invoker.java:583)\r\n\tat org.testng.internal.Invoker.invokeTestMethod(Invoker.java:719)\r\n\tat org.testng.internal.Invoker.invokeTestMethods(Invoker.java:989)\r\n\tat org.testng.internal.TestMethodWorker.invokeTestMethods(TestMethodWorker.java:125)\r\n\tat org.testng.internal.TestMethodWorker.run(TestMethodWorker.java:109)\r\n\tat org.testng.TestRunner.privateRun(TestRunner.java:648)\r\n\tat org.testng.TestRunner.run(TestRunner.java:505)\r\n\tat org.testng.SuiteRunner.runTest(SuiteRunner.java:455)\r\n\tat org.testng.SuiteRunner.runSequentially(SuiteRunner.java:450)\r\n\tat org.testng.SuiteRunner.privateRun(SuiteRunner.java:415)\r\n\tat org.testng.SuiteRunner.run(SuiteRunner.java:364)\r\n\tat org.testng.SuiteRunnerWorker.runSuite(SuiteRunnerWorker.java:52)\r\n\tat org.testng.SuiteRunnerWorker.run(SuiteRunnerWorker.java:84)\r\n\tat org.testng.TestNG.runSuitesSequentially(TestNG.java:1208)\r\n\tat org.testng.TestNG.runSuitesLocally(TestNG.java:1137)\r\n\tat org.testng.TestNG.runSuites(TestNG.java:1049)\r\n\tat org.testng.TestNG.run(TestNG.java:1017)\r\n\tat com.intellij.rt.testng.IDEARemoteTestNG.run(IDEARemoteTestNG.java:66)\r\n\tat com.intellij.rt.testng.RemoteTestNGStarter.main(RemoteTestNGStarter.java:110)\r\n"},"stage":"finished","description":"Test Description: Delete User From Table and verify that User Table updated","steps":[{"name":"Click on Element","status":"passed","stage":"finished","steps":[],"attachments":[],"parameters":[{"name":"elem","value":"[[ChromeDriver: chrome on WINDOWS (7125e281ffcb681c34fdd57ffad8f7c0)] -> xpath: //*[@id='menu_admin_viewAdminModule']]"}],"start":1579366284006,"stop":1579366285587},{"name":"Mouse Over To Element","status":"passed","stage":"finished","steps":[],"attachments":[],"parameters":[{"name":"elem1","value":"[[ChromeDriver: chrome on WINDOWS (7125e281ffcb681c34fdd57ffad8f7c0)] -> xpath: //*[@id='menu_admin_UserManagement']]"},{"name":"elem2","value":"[[ChromeDriver: chrome on WINDOWS (7125e281ffcb681c34fdd57ffad8f7c0)] -> xpath: //*[@id='menu_admin_viewSystemUsers']]"}],"start":1579366285630,"stop":1579366286444},{"name":"Delete from Users Table","status":"passed","stage":"finished","steps":[{"name":"Send Text to Text-Field","status":"passed","stage":"finished","steps":[],"attachments":[],"parameters":[{"name":"elem","value":"[[ChromeDriver: chrome on WINDOWS (7125e281ffcb681c34fdd57ffad8f7c0)] -> xpath: //*[@id='searchSystemUser_userName']]"},{"name":"value","value":"linda2"}],"start":1579366286464,"stop":1579366286584},{"name":"Click on Element","status":"passed","stage":"finished","steps":[],"attachments":[],"parameters":[{"name":"elem","value":"[[ChromeDriver: chrome on WINDOWS (7125e281ffcb681c34fdd57ffad8f7c0)] -> xpath: //*[@id='searchBtn']]"}],"start":1579366286602,"stop":1579366287240},{"name":"Click on Element","status":"passed","stage":"finished","steps":[],"attachments":[],"parameters":[{"name":"elem","value":"[[ChromeDriver: chrome on WINDOWS (7125e281ffcb681c34fdd57ffad8f7c0)] -> xpath: //*[@id='ohrmList_chkSelectAll']]"}],"start":1579366287260,"stop":1579366287459},{"name":"Click on Element","status":"passed","stage":"finished","steps":[],"attachments":[],"parameters":[{"name":"elem","value":"[[ChromeDriver: chrome on WINDOWS (7125e281ffcb681c34fdd57ffad8f7c0)] -> xpath: //*[@id='btnDelete']]"}],"start":1579366287487,"stop":1579366287676},{"name":"Click on Element","status":"passed","stage":"finished","steps":[],"attachments":[],"parameters":[{"name":"elem","value":"[[ChromeDriver: chrome on WINDOWS (7125e281ffcb681c34fdd57ffad8f7c0)] -> xpath: //*[@id='dialogDeleteBtn']]"}],"start":1579366287705,"stop":1579366288939}],"attachments":[],"parameters":[{"name":"Username","value":"linda2"}],"start":1579366286445,"stop":1579366288939},{"name":"Click on Element","status":"passed","stage":"finished","steps":[],"attachments":[],"parameters":[{"name":"elem","value":"[[ChromeDriver: chrome on WINDOWS (7125e281ffcb681c34fdd57ffad8f7c0)] -> xpath: //*[@id='menu_admin_viewAdminModule']]"}],"start":1579366288955,"stop":1579366289938},{"name":"Mouse Over To Element","status":"passed","stage":"finished","steps":[],"attachments":[],"parameters":[{"name":"elem1","value":"[[ChromeDriver: chrome on WINDOWS (7125e281ffcb681c34fdd57ffad8f7c0)] -> xpath: //*[@id='menu_admin_UserManagement']]"},{"name":"elem2","value":"[[ChromeDriver: chrome on WINDOWS (7125e281ffcb681c34fdd57ffad8f7c0)] -> xpath: //*[@id='menu_admin_viewSystemUsers']]"}],"start":1579366289967,"stop":1579366290731},{"name":"Verify Number of Elements equals to","status":"failed","statusDetails":{"known":false,"muted":false,"flaky":false,"message":"expected [9] but found [15]","trace":"java.lang.AssertionError: expected [9] but found [15]\r\n\tat org.testng.Assert.fail(Assert.java:96)\r\n\tat org.testng.Assert.failNotEquals(Assert.java:776)\r\n\tat org.testng.Assert.assertEqualsImpl(Assert.java:137)\r\n\tat org.testng.Assert.assertEquals(Assert.java:118)\r\n\tat org.testng.Assert.assertEquals(Assert.java:652)\r\n\tat org.testng.Assert.assertEquals(Assert.java:662)\r\n\tat Extention.Verifications.NumberOfElement(Verifications.java:25)\r\n\tat SanityTest.OrangeHRM.test04_DeleteUser(OrangeHRM.java:54)\r\n\tat sun.reflect.NativeMethodAccessorImpl.invoke0(Native Method)\r\n\tat sun.reflect.NativeMethodAccessorImpl.invoke(NativeMethodAccessorImpl.java:62)\r\n\tat sun.reflect.DelegatingMethodAccessorImpl.invoke(DelegatingMethodAccessorImpl.java:43)\r\n\tat java.lang.reflect.Method.invoke(Method.java:498)\r\n\tat org.testng.internal.MethodInvocationHelper.invokeMethod(MethodInvocationHelper.java:124)\r\n\tat org.testng.internal.Invoker.invokeMethod(Invoker.java:583)\r\n\tat org.testng.internal.Invoker.invokeTestMethod(Invoker.java:719)\r\n\tat org.testng.internal.Invoker.invokeTestMethods(Invoker.java:989)\r\n\tat org.testng.internal.TestMethodWorker.invokeTestMethods(TestMethodWorker.java:125)\r\n\tat org.testng.internal.TestMethodWorker.run(TestMethodWorker.java:109)\r\n\tat org.testng.TestRunner.privateRun(TestRunner.java:648)\r\n\tat org.testng.TestRunner.run(TestRunner.java:505)\r\n\tat org.testng.SuiteRunner.runTest(SuiteRunner.java:455)\r\n\tat org.testng.SuiteRunner.runSequentially(SuiteRunner.java:450)\r\n\tat org.testng.SuiteRunner.privateRun(SuiteRunner.java:415)\r\n\tat org.testng.SuiteRunner.run(SuiteRunner.java:364)\r\n\tat org.testng.SuiteRunnerWorker.runSuite(SuiteRunnerWorker.java:52)\r\n\tat org.testng.SuiteRunnerWorker.run(SuiteRunnerWorker.java:84)\r\n\tat org.testng.TestNG.runSuitesSequentially(TestNG.java:1208)\r\n\tat org.testng.TestNG.runSuitesLocally(TestNG.java:1137)\r\n\tat org.testng.TestNG.runSuites(TestNG.java:1049)\r\n\tat org.testng.TestNG.run(TestNG.java:1017)\r\n\tat com.intellij.rt.testng.IDEARemoteTestNG.run(IDEARemoteTestNG.java:66)\r\n\tat com.intellij.rt.testng.RemoteTestNGStarter.main(RemoteTestNGStarter.java:110)\r\n"},"stage":"finished","steps":[],"attachments":[],"parameters":[{"name":"elems","value":"[[[ChromeDriver: chrome on WINDOWS (7125e281ffcb681c34fdd57ffad8f7c0)] -> xpath: //*[@id='resultTable']/tbody/tr], [[ChromeDriver: chrome on WINDOWS (7125e281ffcb681c34fdd57ffad8f7c0)] -> xpath: //*[@id='resultTable']/tbody/tr], [[ChromeDriver: chrome on WINDOWS (7125e281ffcb681c34fdd57ffad8f7c0)] -> xpath: //*[@id='resultTable']/tbody/tr], [[ChromeDriver: chrome on WINDOWS (7125e281ffcb681c34fdd57ffad8f7c0)] -> xpath: //*[@id='resultTable']/tbody/tr], [[ChromeDriver: chrome on WINDOWS (7125e281ffcb681c34fdd57ffad8f7c0)] -> xpath: //*[@id='resultTable']/tbody/tr], [[ChromeDriver: chrome on WINDOWS (7125e281ffcb681c34fdd57ffad8f7c0)] -> xpath: //*[@id='resultTable']/tbody/tr], [[ChromeDriver: chrome on WINDOWS (7125e281ffcb681c34fdd57ffad8f7c0)] -> xpath: //*[@id='resultTable']/tbody/tr], [[ChromeDriver: chrome on WINDOWS (7125e281ffcb681c34fdd57ffad8f7c0)] -> xpath: //*[@id='resultTable']/tbody/tr], [[ChromeDriver: chrome on WINDOWS (7125e281ffcb681c34fdd57ffad8f7c0)] -> xpath: //*[@id='resultTable']/tbody/tr], [[ChromeDriver: chrome on WINDOWS (7125e281ffcb681c34fdd57ffad8f7c0)] -> xpath: //*[@id='resultTable']/tbody/tr], [[ChromeDriver: chrome on WINDOWS (7125e281ffcb681c34fdd57ffad8f7c0)] -> xpath: //*[@id='resultTable']/tbody/tr], [[ChromeDriver: chrome on WINDOWS (7125e281ffcb681c34fdd57ffad8f7c0)] -> xpath: //*[@id='resultTable']/tbody/tr], [[ChromeDriver: chrome on WINDOWS (7125e281ffcb681c34fdd57ffad8f7c0)] -> xpath: //*[@id='resultTable']/tbody/tr], [[ChromeDriver: chrome on WINDOWS (7125e281ffcb681c34fdd57ffad8f7c0)] -> xpath: //*[@id='resultTable']/tbody/tr], [[ChromeDriver: chrome on WINDOWS (7125e281ffcb681c34fdd57ffad8f7c0)] -> xpath: //*[@id='resultTable']/tbody/tr]]"},{"name":"ExpectedValue","value":"9"}],"start":1579366290750,"stop":1579366290839}],"attachments":[],"parameters":[],"start":1579366283967,"stop":1579366290842,"uuid":"e0b14f29-ccec-4f42-8290-b6f828af03fc","historyId":"57aa1695f5a1ea8ea39c08343fda6095","fullName":"SanityTest.OrangeHRM.test04_DeleteUser","labels":[{"name":"package","value":"SanityTest.OrangeHRM"},{"name":"testClass","value":"SanityTest.OrangeHRM"},{"name":"testMethod","value":"test04_DeleteUser"},{"name":"parentSuite","value":"Default Suite"},{"name":"suite","value":"AutomationProjectFullStack"},{"name":"subSuite","value":"SanityTest.OrangeHRM"},{"name":"host","value":"PC0K86VV-PC"},{"name":"thread","value":"11316@PC0K86VV-PC.main(1)"},{"name":"framework","value":"testng"},{"name":"language","value":"java"}],"links":[]}